2018-12-04 10:15:41,206 - log/train.log - INFO - num_chars      :	4412
2018-12-04 10:15:41,206 - log/train.log - INFO - char_dim       :	100
2018-12-04 10:15:41,207 - log/train.log - INFO - num_tags       :	13
2018-12-04 10:15:41,207 - log/train.log - INFO - seg_dim        :	20
2018-12-04 10:15:41,207 - log/train.log - INFO - lstm_dim       :	100
2018-12-04 10:15:41,207 - log/train.log - INFO - batch_size     :	20
2018-12-04 10:15:41,207 - log/train.log - INFO - emb_file       :	wiki_100.utf8
2018-12-04 10:15:41,207 - log/train.log - INFO - clip           :	5
2018-12-04 10:15:41,207 - log/train.log - INFO - dropout_keep   :	0.5
2018-12-04 10:15:41,207 - log/train.log - INFO - optimizer      :	adam
2018-12-04 10:15:41,207 - log/train.log - INFO - lr             :	0.001
2018-12-04 10:15:41,208 - log/train.log - INFO - tag_schema     :	iobes
2018-12-04 10:15:41,208 - log/train.log - INFO - pre_emb        :	True
2018-12-04 10:15:41,208 - log/train.log - INFO - zeros          :	False
2018-12-04 10:15:41,208 - log/train.log - INFO - lower          :	True
2018-12-04 10:15:45,444 - log/train.log - INFO - Created model with fresh parameters.
2018-12-04 10:15:47,859 - log/train.log - INFO - Load pre-trained embedding.
2018-12-04 10:15:47,860 - log/train.log - INFO - start training
2018-12-04 10:16:12,749 - log/train.log - INFO - iteration:1 step:100/1044, NER loss:31.414873
2018-12-04 10:16:35,186 - log/train.log - INFO - iteration:1 step:200/1044, NER loss:13.103952
2018-12-04 10:17:00,039 - log/train.log - INFO - iteration:1 step:300/1044, NER loss:11.561095
2018-12-04 10:17:24,202 - log/train.log - INFO - iteration:1 step:400/1044, NER loss: 9.245848
2018-12-04 10:17:45,191 - log/train.log - INFO - iteration:1 step:500/1044, NER loss: 6.679012
2018-12-04 10:18:06,895 - log/train.log - INFO - iteration:1 step:600/1044, NER loss: 6.385294
2018-12-04 10:18:28,203 - log/train.log - INFO - iteration:1 step:700/1044, NER loss: 5.533475
2018-12-04 10:18:49,598 - log/train.log - INFO - iteration:1 step:800/1044, NER loss: 5.697567
2018-12-04 10:19:12,020 - log/train.log - INFO - iteration:1 step:900/1044, NER loss: 5.739590
2018-12-04 10:19:34,873 - log/train.log - INFO - iteration:1 step:1000/1044, NER loss: 5.152396
2018-12-04 10:19:48,216 - log/train.log - INFO - evaluate:dev
2018-12-04 10:19:55,864 - log/train.log - INFO - processed 109870 tokens with 3819 phrases; found: 3836 phrases; correct: 2706.

2018-12-04 10:19:55,864 - log/train.log - INFO - accuracy:  96.38%; precision:  70.54%; recall:  70.86%; FB1:  70.70

2018-12-04 10:19:55,864 - log/train.log - INFO -               LOC: precision:  74.46%; recall:  70.37%; FB1:  72.36  1844

2018-12-04 10:19:55,864 - log/train.log - INFO -               ORG: precision:  60.22%; recall:  70.93%; FB1:  65.14  1159

2018-12-04 10:19:55,864 - log/train.log - INFO -               PER: precision:  76.23%; recall:  71.83%; FB1:  73.97  833

2018-12-04 10:19:55,963 - log/train.log - INFO - new best dev f1 score:70.700
2018-12-04 10:19:56,382 - log/train.log - INFO - model saved
2018-12-04 10:19:56,382 - log/train.log - INFO - evaluate:test
2018-12-04 10:20:11,522 - log/train.log - INFO - processed 219197 tokens with 7707 phrases; found: 7850 phrases; correct: 5524.

2018-12-04 10:20:11,523 - log/train.log - INFO - accuracy:  96.22%; precision:  70.37%; recall:  71.68%; FB1:  71.02

2018-12-04 10:20:11,523 - log/train.log - INFO -               LOC: precision:  73.92%; recall:  71.38%; FB1:  72.63  3532

2018-12-04 10:20:11,523 - log/train.log - INFO -               ORG: precision:  59.40%; recall:  67.55%; FB1:  63.21  2485

2018-12-04 10:20:11,523 - log/train.log - INFO -               PER: precision:  78.40%; recall:  77.09%; FB1:  77.74  1833

2018-12-04 10:20:11,628 - log/train.log - INFO - new best test f1 score:71.020
2018-12-04 10:20:23,968 - log/train.log - INFO - iteration:2 step:56/1044, NER loss: 6.258881
2018-12-04 10:20:44,892 - log/train.log - INFO - iteration:2 step:156/1044, NER loss: 4.376107
2018-12-04 10:21:07,539 - log/train.log - INFO - iteration:2 step:256/1044, NER loss: 4.285392
2018-12-04 10:21:30,168 - log/train.log - INFO - iteration:2 step:356/1044, NER loss: 4.175325
2018-12-04 10:21:51,480 - log/train.log - INFO - iteration:2 step:456/1044, NER loss: 3.966893
2018-12-04 10:22:11,074 - log/train.log - INFO - iteration:2 step:556/1044, NER loss: 3.323874
2018-12-04 10:22:37,511 - log/train.log - INFO - iteration:2 step:656/1044, NER loss: 3.563849
2018-12-04 10:23:00,373 - log/train.log - INFO - iteration:2 step:756/1044, NER loss: 3.498032
2018-12-04 10:23:23,019 - log/train.log - INFO - iteration:2 step:856/1044, NER loss: 3.061756
2018-12-04 10:23:44,738 - log/train.log - INFO - iteration:2 step:956/1044, NER loss: 3.150103
2018-12-04 10:24:03,381 - log/train.log - INFO - evaluate:dev
2018-12-04 10:24:11,794 - log/train.log - INFO - processed 109870 tokens with 3819 phrases; found: 3589 phrases; correct: 3047.

2018-12-04 10:24:11,794 - log/train.log - INFO - accuracy:  97.57%; precision:  84.90%; recall:  79.79%; FB1:  82.26

2018-12-04 10:24:11,794 - log/train.log - INFO -               LOC: precision:  87.12%; recall:  82.83%; FB1:  84.92  1855

2018-12-04 10:24:11,795 - log/train.log - INFO -               ORG: precision:  77.44%; recall:  72.56%; FB1:  74.92  922

2018-12-04 10:24:11,795 - log/train.log - INFO -               PER: precision:  88.30%; recall:  81.11%; FB1:  84.55  812

2018-12-04 10:24:11,888 - log/train.log - INFO - new best dev f1 score:82.260
2018-12-04 10:24:12,310 - log/train.log - INFO - model saved
2018-12-04 10:24:12,310 - log/train.log - INFO - evaluate:test
2018-12-04 10:24:28,586 - log/train.log - INFO - processed 219197 tokens with 7707 phrases; found: 7307 phrases; correct: 6156.

2018-12-04 10:24:28,586 - log/train.log - INFO - accuracy:  97.46%; precision:  84.25%; recall:  79.88%; FB1:  82.00

2018-12-04 10:24:28,587 - log/train.log - INFO -               LOC: precision:  86.57%; recall:  82.48%; FB1:  84.47  3485

2018-12-04 10:24:28,587 - log/train.log - INFO -               ORG: precision:  76.39%; recall:  72.13%; FB1:  74.20  2063

2018-12-04 10:24:28,587 - log/train.log - INFO -               PER: precision:  88.86%; recall:  83.85%; FB1:  86.28  1759

2018-12-04 10:24:28,678 - log/train.log - INFO - new best test f1 score:82.000
2018-12-04 10:24:31,053 - log/train.log - INFO - iteration:3 step:12/1044, NER loss: 2.802898
2018-12-04 10:24:51,964 - log/train.log - INFO - iteration:3 step:112/1044, NER loss: 2.444677
2018-12-04 10:25:16,272 - log/train.log - INFO - iteration:3 step:212/1044, NER loss: 2.779993
2018-12-04 10:25:43,312 - log/train.log - INFO - iteration:3 step:312/1044, NER loss: 2.938930
2018-12-04 10:26:05,314 - log/train.log - INFO - iteration:3 step:412/1044, NER loss: 2.332248
2018-12-04 10:26:26,833 - log/train.log - INFO - iteration:3 step:512/1044, NER loss: 2.323959
2018-12-04 10:26:49,429 - log/train.log - INFO - iteration:3 step:612/1044, NER loss: 2.309386
2018-12-04 10:27:13,549 - log/train.log - INFO - iteration:3 step:712/1044, NER loss: 2.554421
2018-12-04 10:27:38,846 - log/train.log - INFO - iteration:3 step:812/1044, NER loss: 2.404619
2018-12-04 10:28:03,177 - log/train.log - INFO - iteration:3 step:912/1044, NER loss: 2.214962
2018-12-04 10:28:22,065 - log/train.log - INFO - iteration:3 step:1012/1044, NER loss: 1.751587
2018-12-04 10:28:30,296 - log/train.log - INFO - evaluate:dev
2018-12-04 10:28:38,689 - log/train.log - INFO - processed 109870 tokens with 3819 phrases; found: 4081 phrases; correct: 3202.

2018-12-04 10:28:38,690 - log/train.log - INFO - accuracy:  96.79%; precision:  78.46%; recall:  83.84%; FB1:  81.06

2018-12-04 10:28:38,690 - log/train.log - INFO -               LOC: precision:  86.50%; recall:  84.42%; FB1:  85.45  1904

2018-12-04 10:28:38,690 - log/train.log - INFO -               ORG: precision:  60.44%; recall:  81.20%; FB1:  69.30  1322

2018-12-04 10:28:38,690 - log/train.log - INFO -               PER: precision:  88.42%; recall:  85.52%; FB1:  86.95  855

2018-12-04 10:28:38,693 - log/train.log - INFO - evaluate:test
2018-12-04 10:28:54,608 - log/train.log - INFO - processed 219197 tokens with 7707 phrases; found: 8338 phrases; correct: 6470.

2018-12-04 10:28:54,608 - log/train.log - INFO - accuracy:  96.63%; precision:  77.60%; recall:  83.95%; FB1:  80.65

2018-12-04 10:28:54,608 - log/train.log - INFO -               LOC: precision:  85.06%; recall:  84.20%; FB1:  84.63  3621

2018-12-04 10:28:54,609 - log/train.log - INFO -               ORG: precision:  61.07%; recall:  80.18%; FB1:  69.33  2869

2018-12-04 10:28:54,609 - log/train.log - INFO -               PER: precision:  88.64%; recall:  87.88%; FB1:  88.25  1848

2018-12-04 10:29:09,163 - log/train.log - INFO - iteration:4 step:68/1044, NER loss: 2.318329
2018-12-04 10:29:29,754 - log/train.log - INFO - iteration:4 step:168/1044, NER loss: 1.871719
2018-12-04 10:29:55,835 - log/train.log - INFO - iteration:4 step:268/1044, NER loss: 2.222366
2018-12-04 10:30:18,058 - log/train.log - INFO - iteration:4 step:368/1044, NER loss: 1.851966
2018-12-04 10:30:38,680 - log/train.log - INFO - iteration:4 step:468/1044, NER loss: 1.775644
2018-12-04 10:30:59,298 - log/train.log - INFO - iteration:4 step:568/1044, NER loss: 1.689811
2018-12-04 10:31:22,909 - log/train.log - INFO - iteration:4 step:668/1044, NER loss: 1.845368
2018-12-04 10:31:43,583 - log/train.log - INFO - iteration:4 step:768/1044, NER loss: 1.650881
2018-12-04 10:32:05,890 - log/train.log - INFO - iteration:4 step:868/1044, NER loss: 1.755579
2018-12-04 10:32:28,311 - log/train.log - INFO - iteration:4 step:968/1044, NER loss: 1.641987
2018-12-04 10:32:45,632 - log/train.log - INFO - evaluate:dev
2018-12-04 10:32:54,200 - log/train.log - INFO - processed 109870 tokens with 3819 phrases; found: 3752 phrases; correct: 3286.

2018-12-04 10:32:54,201 - log/train.log - INFO - accuracy:  98.17%; precision:  87.58%; recall:  86.04%; FB1:  86.80

2018-12-04 10:32:54,201 - log/train.log - INFO -               LOC: precision:  88.29%; recall:  89.29%; FB1:  88.79  1973

2018-12-04 10:32:54,201 - log/train.log - INFO -               ORG: precision:  82.97%; recall:  77.74%; FB1:  80.27  922

2018-12-04 10:32:54,201 - log/train.log - INFO -               PER: precision:  90.90%; recall:  88.12%; FB1:  89.49  857

2018-12-04 10:32:54,285 - log/train.log - INFO - new best dev f1 score:86.800
2018-12-04 10:32:54,718 - log/train.log - INFO - model saved
2018-12-04 10:32:54,718 - log/train.log - INFO - evaluate:test
2018-12-04 10:33:10,384 - log/train.log - INFO - processed 219197 tokens with 7707 phrases; found: 7639 phrases; correct: 6634.

2018-12-04 10:33:10,385 - log/train.log - INFO - accuracy:  98.04%; precision:  86.84%; recall:  86.08%; FB1:  86.46

2018-12-04 10:33:10,385 - log/train.log - INFO -               LOC: precision:  87.39%; recall:  89.26%; FB1:  88.31  3736

2018-12-04 10:33:10,385 - log/train.log - INFO -               ORG: precision:  82.53%; recall:  77.62%; FB1:  80.00  2055

2018-12-04 10:33:10,385 - log/train.log - INFO -               PER: precision:  90.53%; recall:  89.75%; FB1:  90.14  1848

2018-12-04 10:33:10,458 - log/train.log - INFO - new best test f1 score:86.460
2018-12-04 10:33:14,377 - log/train.log - INFO - iteration:5 step:24/1044, NER loss: 1.471077
2018-12-04 10:33:35,752 - log/train.log - INFO - iteration:5 step:124/1044, NER loss: 1.463223
2018-12-04 10:34:01,961 - log/train.log - INFO - iteration:5 step:224/1044, NER loss: 1.577860
2018-12-04 10:34:23,778 - log/train.log - INFO - iteration:5 step:324/1044, NER loss: 1.395930
2018-12-04 10:34:45,244 - log/train.log - INFO - iteration:5 step:424/1044, NER loss: 1.301770
2018-12-04 10:35:07,657 - log/train.log - INFO - iteration:5 step:524/1044, NER loss: 1.333651
2018-12-04 10:35:31,882 - log/train.log - INFO - iteration:5 step:624/1044, NER loss: 1.633002
2018-12-04 10:35:54,292 - log/train.log - INFO - iteration:5 step:724/1044, NER loss: 1.379860
2018-12-04 10:36:17,321 - log/train.log - INFO - iteration:5 step:824/1044, NER loss: 1.389192
2018-12-04 10:36:39,830 - log/train.log - INFO - iteration:5 step:924/1044, NER loss: 1.328744
2018-12-04 10:37:04,437 - log/train.log - INFO - iteration:5 step:1024/1044, NER loss: 1.328013
2018-12-04 10:37:11,767 - log/train.log - INFO - evaluate:dev
2018-12-04 10:37:20,055 - log/train.log - INFO - processed 109870 tokens with 3819 phrases; found: 3778 phrases; correct: 3317.

2018-12-04 10:37:20,055 - log/train.log - INFO - accuracy:  98.26%; precision:  87.80%; recall:  86.86%; FB1:  87.32

2018-12-04 10:37:20,055 - log/train.log - INFO -               LOC: precision:  85.52%; recall:  91.39%; FB1:  88.35  2085

2018-12-04 10:37:20,055 - log/train.log - INFO -               ORG: precision:  87.39%; recall:  77.44%; FB1:  82.11  872

2018-12-04 10:37:20,055 - log/train.log - INFO -               PER: precision:  94.03%; recall:  87.33%; FB1:  90.56  821

2018-12-04 10:37:20,136 - log/train.log - INFO - new best dev f1 score:87.320
2018-12-04 10:37:20,522 - log/train.log - INFO - model saved
2018-12-04 10:37:20,523 - log/train.log - INFO - evaluate:test
2018-12-04 10:37:36,463 - log/train.log - INFO - processed 219197 tokens with 7707 phrases; found: 7703 phrases; correct: 6659.

2018-12-04 10:37:36,463 - log/train.log - INFO - accuracy:  98.04%; precision:  86.45%; recall:  86.40%; FB1:  86.42

2018-12-04 10:37:36,464 - log/train.log - INFO -               LOC: precision:  84.43%; recall:  91.20%; FB1:  87.69  3951

2018-12-04 10:37:36,464 - log/train.log - INFO -               ORG: precision:  84.40%; recall:  76.02%; FB1:  79.99  1968

2018-12-04 10:37:36,464 - log/train.log - INFO -               PER: precision:  93.16%; recall:  89.16%; FB1:  91.12  1784

2018-12-04 10:37:55,051 - log/train.log - INFO - iteration:6 step:80/1044, NER loss: 1.309366
2018-12-04 10:38:17,080 - log/train.log - INFO - iteration:6 step:180/1044, NER loss: 1.019248
2018-12-04 10:38:43,246 - log/train.log - INFO - iteration:6 step:280/1044, NER loss: 1.251862
2018-12-04 10:39:06,163 - log/train.log - INFO - iteration:6 step:380/1044, NER loss: 1.259739
2018-12-04 10:39:29,217 - log/train.log - INFO - iteration:6 step:480/1044, NER loss: 1.259446
2018-12-04 10:39:51,644 - log/train.log - INFO - iteration:6 step:580/1044, NER loss: 1.308499
2018-12-04 10:40:13,261 - log/train.log - INFO - iteration:6 step:680/1044, NER loss: 1.036196
2018-12-04 10:40:37,243 - log/train.log - INFO - iteration:6 step:780/1044, NER loss: 1.209658
2018-12-04 10:41:01,475 - log/train.log - INFO - iteration:6 step:880/1044, NER loss: 1.160246
2018-12-04 10:41:21,212 - log/train.log - INFO - iteration:6 step:980/1044, NER loss: 1.040996
2018-12-04 10:41:34,869 - log/train.log - INFO - evaluate:dev
2018-12-04 10:41:42,303 - log/train.log - INFO - processed 109870 tokens with 3819 phrases; found: 3763 phrases; correct: 3338.

2018-12-04 10:41:42,303 - log/train.log - INFO - accuracy:  98.34%; precision:  88.71%; recall:  87.41%; FB1:  88.05

2018-12-04 10:41:42,303 - log/train.log - INFO -               LOC: precision:  89.53%; recall:  89.44%; FB1:  89.49  1949

2018-12-04 10:41:42,303 - log/train.log - INFO -               ORG: precision:  84.60%; recall:  81.50%; FB1:  83.02  948

2018-12-04 10:41:42,303 - log/train.log - INFO -               PER: precision:  91.34%; recall:  89.48%; FB1:  90.40  866

2018-12-04 10:41:42,380 - log/train.log - INFO - new best dev f1 score:88.050
2018-12-04 10:41:42,720 - log/train.log - INFO - model saved
2018-12-04 10:41:42,720 - log/train.log - INFO - evaluate:test
2018-12-04 10:41:57,057 - log/train.log - INFO - processed 219197 tokens with 7707 phrases; found: 7681 phrases; correct: 6742.

2018-12-04 10:41:57,057 - log/train.log - INFO - accuracy:  98.23%; precision:  87.78%; recall:  87.48%; FB1:  87.63

2018-12-04 10:41:57,057 - log/train.log - INFO -               LOC: precision:  88.62%; recall:  90.02%; FB1:  89.31  3716

2018-12-04 10:41:57,057 - log/train.log - INFO -               ORG: precision:  82.38%; recall:  80.05%; FB1:  81.20  2123

2018-12-04 10:41:57,058 - log/train.log - INFO -               PER: precision:  92.29%; recall:  91.20%; FB1:  91.74  1842

2018-12-04 10:41:57,130 - log/train.log - INFO - new best test f1 score:87.630
2018-12-04 10:42:07,162 - log/train.log - INFO - iteration:7 step:36/1044, NER loss: 1.234127
2018-12-04 10:42:31,360 - log/train.log - INFO - iteration:7 step:136/1044, NER loss: 1.079669
2018-12-04 10:42:51,924 - log/train.log - INFO - iteration:7 step:236/1044, NER loss: 0.919256
2018-12-04 10:43:15,172 - log/train.log - INFO - iteration:7 step:336/1044, NER loss: 1.022743
2018-12-04 10:43:36,593 - log/train.log - INFO - iteration:7 step:436/1044, NER loss: 0.922535
2018-12-04 10:43:58,422 - log/train.log - INFO - iteration:7 step:536/1044, NER loss: 0.865873
2018-12-04 10:44:21,264 - log/train.log - INFO - iteration:7 step:636/1044, NER loss: 0.914839
2018-12-04 10:44:44,826 - log/train.log - INFO - iteration:7 step:736/1044, NER loss: 0.899860
2018-12-04 10:45:10,288 - log/train.log - INFO - iteration:7 step:836/1044, NER loss: 0.981768
2018-12-04 10:45:38,807 - log/train.log - INFO - iteration:7 step:936/1044, NER loss: 1.007258
2018-12-04 10:46:04,975 - log/train.log - INFO - iteration:7 step:1036/1044, NER loss: 0.990907
2018-12-04 10:46:07,719 - log/train.log - INFO - evaluate:dev
2018-12-04 10:46:16,276 - log/train.log - INFO - processed 109870 tokens with 3819 phrases; found: 3746 phrases; correct: 3340.

2018-12-04 10:46:16,276 - log/train.log - INFO - accuracy:  98.30%; precision:  89.16%; recall:  87.46%; FB1:  88.30

2018-12-04 10:46:16,276 - log/train.log - INFO -               LOC: precision:  90.40%; recall:  89.80%; FB1:  90.10  1938

2018-12-04 10:46:16,276 - log/train.log - INFO -               ORG: precision:  83.26%; recall:  81.91%; FB1:  82.58  968

2018-12-04 10:46:16,277 - log/train.log - INFO -               PER: precision:  93.10%; recall:  88.46%; FB1:  90.72  840

2018-12-04 10:46:16,368 - log/train.log - INFO - new best dev f1 score:88.300
2018-12-04 10:46:16,758 - log/train.log - INFO - model saved
2018-12-04 10:46:16,758 - log/train.log - INFO - evaluate:test
2018-12-04 10:46:33,212 - log/train.log - INFO - processed 219197 tokens with 7707 phrases; found: 7600 phrases; correct: 6769.

2018-12-04 10:46:33,212 - log/train.log - INFO - accuracy:  98.28%; precision:  89.07%; recall:  87.83%; FB1:  88.44

2018-12-04 10:46:33,212 - log/train.log - INFO -               LOC: precision:  90.76%; recall:  90.24%; FB1:  90.50  3637

2018-12-04 10:46:33,212 - log/train.log - INFO -               ORG: precision:  81.89%; recall:  81.33%; FB1:  81.61  2170

2018-12-04 10:46:33,213 - log/train.log - INFO -               PER: precision:  94.31%; recall:  90.72%; FB1:  92.48  1793

2018-12-04 10:46:33,309 - log/train.log - INFO - new best test f1 score:88.440
2018-12-04 10:46:58,489 - log/train.log - INFO - iteration:8 step:92/1044, NER loss: 0.914254
2018-12-04 10:47:23,991 - log/train.log - INFO - iteration:8 step:192/1044, NER loss: 0.839881
2018-12-04 10:47:50,530 - log/train.log - INFO - iteration:8 step:292/1044, NER loss: 0.849420
2018-12-04 10:48:16,164 - log/train.log - INFO - iteration:8 step:392/1044, NER loss: 0.799104
2018-12-04 10:48:40,732 - log/train.log - INFO - iteration:8 step:492/1044, NER loss: 0.853040
2018-12-04 10:49:05,611 - log/train.log - INFO - iteration:8 step:592/1044, NER loss: 0.911343
2018-12-04 10:49:30,599 - log/train.log - INFO - iteration:8 step:692/1044, NER loss: 0.772234
2018-12-04 10:49:53,246 - log/train.log - INFO - iteration:8 step:792/1044, NER loss: 0.801249
2018-12-04 10:50:16,830 - log/train.log - INFO - iteration:8 step:892/1044, NER loss: 0.867695
2018-12-04 10:50:39,555 - log/train.log - INFO - iteration:8 step:992/1044, NER loss: 0.855019
2018-12-04 10:50:51,332 - log/train.log - INFO - evaluate:dev
2018-12-04 10:51:00,272 - log/train.log - INFO - processed 109870 tokens with 3819 phrases; found: 3756 phrases; correct: 3358.

2018-12-04 10:51:00,273 - log/train.log - INFO - accuracy:  98.37%; precision:  89.40%; recall:  87.93%; FB1:  88.66

2018-12-04 10:51:00,273 - log/train.log - INFO -               LOC: precision:  89.49%; recall:  91.24%; FB1:  90.36  1989

2018-12-04 10:51:00,273 - log/train.log - INFO -               ORG: precision:  86.60%; recall:  79.47%; FB1:  82.88  903

2018-12-04 10:51:00,273 - log/train.log - INFO -               PER: precision:  92.13%; recall:  90.05%; FB1:  91.08  864

2018-12-04 10:51:00,353 - log/train.log - INFO - new best dev f1 score:88.660
2018-12-04 10:51:00,798 - log/train.log - INFO - model saved
2018-12-04 10:51:00,798 - log/train.log - INFO - evaluate:test
2018-12-04 10:51:18,006 - log/train.log - INFO - processed 219197 tokens with 7707 phrases; found: 7638 phrases; correct: 6803.

2018-12-04 10:51:18,006 - log/train.log - INFO - accuracy:  98.32%; precision:  89.07%; recall:  88.27%; FB1:  88.67

2018-12-04 10:51:18,007 - log/train.log - INFO -               LOC: precision:  88.60%; recall:  91.99%; FB1:  90.26  3798

2018-12-04 10:51:18,007 - log/train.log - INFO -               ORG: precision:  86.16%; recall:  78.90%; FB1:  82.37  2001

2018-12-04 10:51:18,007 - log/train.log - INFO -               PER: precision:  93.20%; recall:  91.95%; FB1:  92.57  1839

2018-12-04 10:51:18,095 - log/train.log - INFO - new best test f1 score:88.670
2018-12-04 10:51:32,665 - log/train.log - INFO - iteration:9 step:48/1044, NER loss: 0.799033
2018-12-04 10:51:55,122 - log/train.log - INFO - iteration:9 step:148/1044, NER loss: 0.683937
2018-12-04 10:52:16,527 - log/train.log - INFO - iteration:9 step:248/1044, NER loss: 0.602703
